<?xml version="1.0" encoding="UTF-8"?>
<testng-results skipped="0" failed="0" ignored="0" total="2" passed="2">
  <reporter-output>
  </reporter-output>
  <suite name="Default suite" duration-ms="831" started-at="2018-06-03T08:50:09Z" finished-at="2018-06-03T08:50:10Z">
    <groups>
    </groups>
    <test name="Default test" duration-ms="831" started-at="2018-06-03T08:50:09Z" finished-at="2018-06-03T08:50:10Z">
      <class name="com.good.http.MyHttpClient">
        <test-method status="PASS" signature="test1()[pri:0, instance:com.good.http.MyHttpClient@724af044]" name="test1" duration-ms="696" started-at="2018-06-03T08:50:09Z" finished-at="2018-06-03T08:50:10Z">
          <reporter-output>
          </reporter-output>
        </test-method> <!-- test1 -->
        <test-method status="PASS" signature="takecookies()[pri:0, instance:com.good.http.MyHttpClient@724af044]" name="takecookies" duration-ms="97" started-at="2018-06-03T08:50:10Z" depends-on-methods="com.good.http.MyHttpClient.test1" finished-at="2018-06-03T08:50:10Z">
          <reporter-output>
          </reporter-output>
        </test-method> <!-- takecookies -->
      </class> <!-- com.good.http.MyHttpClient -->
    </test> <!-- Default test -->
  </suite> <!-- Default suite -->
</testng-results>
