<?xml version="1.0" encoding="UTF-8"?>
<!-- Generated by org.testng.reporters.JUnitXMLReporter -->
<testsuite hostname="houzf-PC" ignored="0" name="Default test" tests="4" failures="0" timestamp="30 五月 2018 13:44:46 GMT" time="0.048" errors="0">
  <testcase name="test1" time="0.007" classname="com.test.App"/>
  <testcase name="test2" time="0.003" classname="com.test.App"/>
  <testcase name="login" time="0.001" classname="suit.Login"/>
  <testcase name="name" time="0.002" classname="suit.Pays"/>
</testsuite> <!-- Default test -->
