<?xml version="1.0" encoding="UTF-8"?>
<testng-results skipped="0" failed="0" ignored="0" total="4" passed="4">
  <reporter-output>
  </reporter-output>
  <suite name="Default suite" duration-ms="48" started-at="2018-05-30T13:44:46Z" finished-at="2018-05-30T13:44:46Z">
    <groups>
    </groups>
    <test name="Default test" duration-ms="48" started-at="2018-05-30T13:44:46Z" finished-at="2018-05-30T13:44:46Z">
      <class name="com.test.App">
        <test-method status="PASS" signature="suit()[pri:0, instance:com.test.App@75c072cb]" name="suit" is-config="true" duration-ms="13" started-at="2018-05-30T13:44:46Z" finished-at="2018-05-30T13:44:46Z">
          <reporter-output>
          </reporter-output>
        </test-method> <!-- suit -->
        <test-method status="PASS" signature="beforsuit()[pri:0, instance:suit.Config@1f1c7bf6]" name="beforsuit" is-config="true" duration-ms="0" started-at="2018-05-30T13:44:46Z" finished-at="2018-05-30T13:44:46Z">
          <reporter-output>
          </reporter-output>
        </test-method> <!-- beforsuit -->
        <test-method status="PASS" signature="lei()[pri:0, instance:com.test.App@75c072cb]" name="lei" is-config="true" duration-ms="1" started-at="2018-05-30T13:44:46Z" finished-at="2018-05-30T13:44:46Z">
          <reporter-output>
          </reporter-output>
        </test-method> <!-- lei -->
        <test-method status="PASS" signature="befor()[pri:0, instance:com.test.App@75c072cb]" name="befor" is-config="true" duration-ms="1" started-at="2018-05-30T13:44:46Z" finished-at="2018-05-30T13:44:46Z">
          <reporter-output>
          </reporter-output>
        </test-method> <!-- befor -->
        <test-method status="PASS" signature="test1()[pri:0, instance:com.test.App@75c072cb]" name="test1" duration-ms="7" started-at="2018-05-30T13:44:46Z" finished-at="2018-05-30T13:44:46Z">
          <reporter-output>
          </reporter-output>
        </test-method> <!-- test1 -->
        <test-method status="PASS" signature="afet()[pri:0, instance:com.test.App@75c072cb]" name="afet" is-config="true" duration-ms="1" started-at="2018-05-30T13:44:46Z" finished-at="2018-05-30T13:44:46Z">
          <reporter-output>
          </reporter-output>
        </test-method> <!-- afet -->
        <test-method status="PASS" signature="test2()[pri:0, instance:com.test.App@75c072cb]" name="test2" duration-ms="3" started-at="2018-05-30T13:44:46Z" finished-at="2018-05-30T13:44:46Z">
          <reporter-output>
          </reporter-output>
        </test-method> <!-- test2 -->
        <test-method status="PASS" signature="befor()[pri:0, instance:com.test.App@75c072cb]" name="befor" is-config="true" duration-ms="0" started-at="2018-05-30T13:44:46Z" finished-at="2018-05-30T13:44:46Z">
          <reporter-output>
          </reporter-output>
        </test-method> <!-- befor -->
        <test-method status="PASS" signature="afet()[pri:0, instance:com.test.App@75c072cb]" name="afet" is-config="true" duration-ms="0" started-at="2018-05-30T13:44:46Z" finished-at="2018-05-30T13:44:46Z">
          <reporter-output>
          </reporter-output>
        </test-method> <!-- afet -->
        <test-method status="PASS" signature="lei3()[pri:0, instance:com.test.App@75c072cb]" name="lei3" is-config="true" duration-ms="1" started-at="2018-05-30T13:44:46Z" finished-at="2018-05-30T13:44:46Z">
          <reporter-output>
          </reporter-output>
        </test-method> <!-- lei3 -->
        <test-method status="PASS" signature="beforsuit1()[pri:0, instance:suit.Config@1f1c7bf6]" name="beforsuit1" is-config="true" duration-ms="1" started-at="2018-05-30T13:44:46Z" finished-at="2018-05-30T13:44:46Z">
          <reporter-output>
          </reporter-output>
        </test-method> <!-- beforsuit1 -->
        <test-method status="PASS" signature="suit2()[pri:0, instance:com.test.App@75c072cb]" name="suit2" is-config="true" duration-ms="0" started-at="2018-05-30T13:44:46Z" finished-at="2018-05-30T13:44:46Z">
          <reporter-output>
          </reporter-output>
        </test-method> <!-- suit2 -->
      </class> <!-- com.test.App -->
      <class name="suit.Pays">
        <test-method status="PASS" signature="name()[pri:0, instance:suit.Pays@25b485ba]" name="name" duration-ms="2" started-at="2018-05-30T13:44:46Z" finished-at="2018-05-30T13:44:46Z">
          <reporter-output>
          </reporter-output>
        </test-method> <!-- name -->
      </class> <!-- suit.Pays -->
      <class name="suit.Login">
        <test-method status="PASS" signature="login()[pri:0, instance:suit.Login@2b546384]" name="login" duration-ms="1" started-at="2018-05-30T13:44:46Z" finished-at="2018-05-30T13:44:46Z">
          <reporter-output>
          </reporter-output>
        </test-method> <!-- login -->
      </class> <!-- suit.Login -->
    </test> <!-- Default test -->
  </suite> <!-- Default suite -->
</testng-results>
